# JRE version: Java(TM) SE Runtime Environment (9.0+11) (build 9.0.4+11)
# Java VM: Java HotSpot(TM) 64-Bit Server VM (9.0.4+11, mixed mode, tiered, compressed oops, g1 gc, windows-amd64)
Heap:
 garbage-first heap   total 365568K, used 163883K [0x0000000700000000, 0x0000000700100b28, 0x00000007c0000000)
  region size 1024K, 39 young (39936K), 1 survivors (1024K)
 Metaspace       used 98816K, capacity 101039K, committed 107264K, reserved 1140736K
  class space    used 13355K, capacity 13822K, committed 15104K, reserved 1048576K
GC Heap History (10 events):
Event: 13907.201 GC heap before
{Heap before GC invocations=1370 (full 168):
 garbage-first heap   total 365568K, used 186259K [0x0000000700000000, 0x0000000700100b28, 0x00000007c0000000)
  region size 1024K, 60 young (61440K), 1 survivors (1024K)
 Metaspace       used 98814K, capacity 101039K, committed 107264K, reserved 1140736K
  class space    used 13355K, capacity 13822K, committed 15104K, reserved 1048576K
}
Event: 13907.203 GC heap after
{Heap after GC invocations=1371 (full 168):
 garbage-first heap   total 365568K, used 125960K [0x0000000700000000, 0x0000000700100b28, 0x00000007c0000000)
  region size 1024K, 1 young (1024K), 1 survivors (1024K)
 Metaspace       used 98814K, capacity 101039K, committed 107264K, reserved 1140736K
  class space    used 13355K, capacity 13822K, committed 15104K, reserved 1048576K
}
Event: 13911.474 GC heap before
{Heap before GC invocations=1371 (full 168):
 garbage-first heap   total 365568K, used 186376K [0x0000000700000000, 0x0000000700100b28, 0x00000007c0000000)
  region size 1024K, 60 young (61440K), 1 survivors (1024K)
 Metaspace       used 98814K, capacity 101039K, committed 107264K, reserved 1140736K
  class space    used 13355K, capacity 13822K, committed 15104K, reserved 1048576K
}
Event: 13911.477 GC heap after
{Heap after GC invocations=1372 (full 168):
 garbage-first heap   total 365568K, used 125925K [0x0000000700000000, 0x0000000700100b28, 0x00000007c0000000)
  region size 1024K, 1 young (1024K), 1 survivors (1024K)
 Metaspace       used 98814K, capacity 101039K, committed 107264K, reserved 1140736K
  class space    used 13355K, capacity 13822K, committed 15104K, reserved 1048576K
}
Event: 13911.769 GC heap before
{Heap before GC invocations=1372 (full 168):
 garbage-first heap   total 365568K, used 186341K [0x0000000700000000, 0x0000000700100b28, 0x00000007c0000000)
  region size 1024K, 60 young (61440K), 1 survivors (1024K)
 Metaspace       used 98814K, capacity 101039K, committed 107264K, reserved 1140736K
  class space    used 13355K, capacity 13822K, committed 15104K, reserved 1048576K
}
Event: 13911.771 GC heap after
{Heap after GC invocations=1373 (full 168):
 garbage-first heap   total 365568K, used 125991K [0x0000000700000000, 0x0000000700100b28, 0x00000007c0000000)
  region size 1024K, 1 young (1024K), 1 survivors (1024K)
 Metaspace       used 98814K, capacity 101039K, committed 107264K, reserved 1140736K
  class space    used 13355K, capacity 13822K, committed 15104K, reserved 1048576K
}
Event: 13912.873 GC heap before
{Heap before GC invocations=1373 (full 168):
 garbage-first heap   total 365568K, used 186407K [0x0000000700000000, 0x0000000700100b28, 0x00000007c0000000)
  region size 1024K, 60 young (61440K), 1 survivors (1024K)
 Metaspace       used 98815K, capacity 101039K, committed 107264K, reserved 1140736K
  class space    used 13355K, capacity 13822K, committed 15104K, reserved 1048576K
}
Event: 13912.875 GC heap after
{Heap after GC invocations=1374 (full 168):
 garbage-first heap   total 365568K, used 126020K [0x0000000700000000, 0x0000000700100b28, 0x00000007c0000000)
  region size 1024K, 1 young (1024K), 1 survivors (1024K)
 Metaspace       used 98815K, capacity 101039K, committed 107264K, reserved 1140736K
  class space    used 13355K, capacity 13822K, committed 15104K, reserved 1048576K
}
Event: 13913.149 GC heap before
{Heap before GC invocations=1374 (full 168):
 garbage-first heap   total 365568K, used 186436K [0x0000000700000000, 0x0000000700100b28, 0x00000007c0000000)
  region size 1024K, 60 young (61440K), 1 survivors (1024K)
 Metaspace       used 98815K, capacity 101039K, committed 107264K, reserved 1140736K
  class space    used 13355K, capacity 13822K, committed 15104K, reserved 1048576K
}
Event: 13913.152 GC heap after
{Heap after GC invocations=1375 (full 168):
 garbage-first heap   total 365568K, used 125995K [0x0000000700000000, 0x0000000700100b28, 0x00000007c0000000)
  region size 1024K, 1 young (1024K), 1 survivors (1024K)
 Metaspace       used 98815K, capacity 101039K, committed 107264K, reserved 1140736K
  class space    used 13355K, capacity 13822K, committed 15104K, reserved 1048576K
}

