# JRE version: Java(TM) SE Runtime Environment (9.0+11) (build 9.0.4+11)
# Java VM: Java HotSpot(TM) 64-Bit Server VM (9.0.4+11, mixed mode, tiered, compressed oops, g1 gc, windows-amd64)
Heap:
 garbage-first heap   total 183296K, used 74397K [0x0000000700000000, 0x0000000700100598, 0x00000007c0000000)
  region size 1024K, 20 young (20480K), 0 survivors (0K)
 Metaspace       used 78143K, capacity 79765K, committed 85504K, reserved 1122304K
  class space    used 10187K, capacity 10541K, committed 11776K, reserved 1048576K
GC Heap History (10 events):
Event: 24833.925 GC heap before
{Heap before GC invocations=481 (full 14):
 garbage-first heap   total 157696K, used 118954K [0x0000000700000000, 0x00000007001004d0, 0x00000007c0000000)
  region size 1024K, 60 young (61440K), 1 survivors (1024K)
 Metaspace       used 77930K, capacity 79425K, committed 85504K, reserved 1122304K
  class space    used 10146K, capacity 10473K, committed 11776K, reserved 1048576K
}
Event: 24833.929 GC heap after
{Heap after GC invocations=482 (full 14):
 garbage-first heap   total 189440K, used 58542K [0x0000000700000000, 0x00000007001005c8, 0x00000007c0000000)
  region size 1024K, 1 young (1024K), 1 survivors (1024K)
 Metaspace       used 77930K, capacity 79425K, committed 85504K, reserved 1122304K
  class space    used 10146K, capacity 10473K, committed 11776K, reserved 1048576K
}
Event: 24844.013 GC heap before
{Heap before GC invocations=482 (full 14):
 garbage-first heap   total 189440K, used 114862K [0x0000000700000000, 0x00000007001005c8, 0x00000007c0000000)
  region size 1024K, 57 young (58368K), 1 survivors (1024K)
 Metaspace       used 78102K, capacity 79701K, committed 85504K, reserved 1122304K
  class space    used 10185K, capacity 10541K, committed 11776K, reserved 1048576K
}
Event: 24844.231 GC heap after
{Heap after GC invocations=483 (full 15):
 garbage-first heap   total 184320K, used 55229K [0x0000000700000000, 0x00000007001005a0, 0x00000007c0000000)
  region size 1024K, 0 young (0K), 0 survivors (0K)
 Metaspace       used 78102K, capacity 79701K, committed 85504K, reserved 1122304K
  class space    used 10185K, capacity 10541K, committed 11776K, reserved 1048576K
}
Event: 24858.792 GC heap before
{Heap before GC invocations=483 (full 15):
 garbage-first heap   total 184320K, used 69565K [0x0000000700000000, 0x00000007001005a0, 0x00000007c0000000)
  region size 1024K, 15 young (15360K), 0 survivors (0K)
 Metaspace       used 78126K, capacity 79701K, committed 85504K, reserved 1122304K
  class space    used 10185K, capacity 10541K, committed 11776K, reserved 1048576K
}
Event: 24858.965 GC heap after
{Heap after GC invocations=484 (full 16):
 garbage-first heap   total 183296K, used 54936K [0x0000000700000000, 0x0000000700100598, 0x00000007c0000000)
  region size 1024K, 0 young (0K), 0 survivors (0K)
 Metaspace       used 78126K, capacity 79701K, committed 85504K, reserved 1122304K
  class space    used 10185K, capacity 10541K, committed 11776K, reserved 1048576K
}
Event: 24873.812 GC heap before
{Heap before GC invocations=484 (full 16):
 garbage-first heap   total 183296K, used 69272K [0x0000000700000000, 0x0000000700100598, 0x00000007c0000000)
  region size 1024K, 15 young (15360K), 0 survivors (0K)
 Metaspace       used 78129K, capacity 79701K, committed 85504K, reserved 1122304K
  class space    used 10185K, capacity 10541K, committed 11776K, reserved 1048576K
}
Event: 24874.449 GC heap after
{Heap after GC invocations=485 (full 17):
 garbage-first heap   total 183296K, used 54935K [0x0000000700000000, 0x0000000700100598, 0x00000007c0000000)
  region size 1024K, 0 young (0K), 0 survivors (0K)
 Metaspace       used 78129K, capacity 79701K, committed 85504K, reserved 1122304K
  class space    used 10185K, capacity 10541K, committed 11776K, reserved 1048576K
}
Event: 24893.816 GC heap before
{Heap before GC invocations=485 (full 17):
 garbage-first heap   total 183296K, used 73367K [0x0000000700000000, 0x0000000700100598, 0x00000007c0000000)
  region size 1024K, 19 young (19456K), 0 survivors (0K)
 Metaspace       used 78137K, capacity 79701K, committed 85504K, reserved 1122304K
  class space    used 10185K, capacity 10541K, committed 11776K, reserved 1048576K
}
Event: 24894.031 GC heap after
{Heap after GC invocations=486 (full 18):
 garbage-first heap   total 183296K, used 54941K [0x0000000700000000, 0x0000000700100598, 0x00000007c0000000)
  region size 1024K, 0 young (0K), 0 survivors (0K)
 Metaspace       used 78137K, capacity 79701K, committed 85504K, reserved 1122304K
  class space    used 10185K, capacity 10541K, committed 11776K, reserved 1048576K
}

